2018-05-24 22:25:27 | 1045 - Access denied for user 'root'@'localhost' (using password: NO) | E:\Banco de dados - appinventor\app_php\root\Carrinho2\site\libs\classes\mysqli_connection.php | ::1

18-05-24 10:29:16 | 1045 - Access denied for user 'root'@'localhost' (using password: NO) | E:\Banco de dados - appinventor\app_php\root\Carrinho2\site\libs\classes\mysqli_connection.php | ::1

18-05-24 10:29:17 | 1045 - Access denied for user 'root'@'localhost' (using password: NO) | E:\Banco de dados - appinventor\app_php\root\Carrinho2\site\libs\classes\mysqli_connection.php | ::1

18-05-24 10:29:18 | 1045 - Access denied for user 'root'@'localhost' (using password: NO) | E:\Banco de dados - appinventor\app_php\root\Carrinho2\site\libs\classes\mysqli_connection.php | ::1

18-05-24 10:29:18 | 1045 - Access denied for user 'root'@'localhost' (using password: NO) | E:\Banco de dados - appinventor\app_php\root\Carrinho2\site\libs\classes\mysqli_connection.php | ::1

18-05-24 10:29:18 | 1045 - Access denied for user 'root'@'localhost' (using password: NO) | E:\Banco de dados - appinventor\app_php\root\Carrinho2\site\libs\classes\mysqli_connection.php | ::1

18-05-24 10:29:19 | 1045 - Access denied for user 'root'@'localhost' (using password: NO) | E:\Banco de dados - appinventor\app_php\root\Carrinho2\site\libs\classes\mysqli_connection.php | ::1

18-05-24 10:29:19 | 1045 - Access denied for user 'root'@'localhost' (using password: NO) | E:\Banco de dados - appinventor\app_php\root\Carrinho2\site\libs\classes\mysqli_connection.php | ::1

18-05-24 10:29:19 | 1045 - Access denied for user 'root'@'localhost' (using password: NO) | E:\Banco de dados - appinventor\app_php\root\Carrinho2\site\libs\classes\mysqli_connection.php | ::1

18-05-24 10:29:19 | 1045 - Access denied for user 'root'@'localhost' (using password: NO) | E:\Banco de dados - appinventor\app_php\root\Carrinho2\site\libs\classes\mysqli_connection.php | ::1

18-05-24 10:29:20 | 1045 - Access denied for user 'root'@'localhost' (using password: NO) | E:\Banco de dados - appinventor\app_php\root\Carrinho2\site\libs\classes\mysqli_connection.php | ::1

2018-05-24 22:29:59 | 1045 - Access denied for user 'root'@'localhost' (using password: NO) | E:\Banco de dados - appinventor\app_php\root\Carrinho2\site\libs\classes\mysqli_connection.php | ::1

2018-05-24 22:33:15 | 1045 - Access denied for user 'root'@'localhost' (using password: NO) | E:\Banco de dados - appinventor\app_php\root\Carrinho2\site\libs\classes\mysqli_connection.php | ::1

2018-05-24 22:33:34 | 1045 - Access denied for user 'root'@'localhost' (using password: YES) | E:\Banco de dados - appinventor\app_php\root\Carrinho2\site\libs\classes\mysqli_connection.php | ::1

2018-05-24 22:33:35 | 1045 - Access denied for user 'root'@'localhost' (using password: YES) | E:\Banco de dados - appinventor\app_php\root\Carrinho2\site\libs\classes\mysqli_connection.php | ::1

2018-05-24 22:33:35 | 1045 - Access denied for user 'root'@'localhost' (using password: YES) | E:\Banco de dados - appinventor\app_php\root\Carrinho2\site\libs\classes\mysqli_connection.php | ::1

2018-05-24 22:33:35 | 1045 - Access denied for user 'root'@'localhost' (using password: YES) | E:\Banco de dados - appinventor\app_php\root\Carrinho2\site\libs\classes\mysqli_connection.php | ::1

2018-05-24 22:33:36 | 1045 - Access denied for user 'root'@'localhost' (using password: YES) | E:\Banco de dados - appinventor\app_php\root\Carrinho2\site\libs\classes\mysqli_connection.php | ::1

2018-05-24 22:37:12 | 1045 - Access denied for user 'root'@'localhost' (using password: NO) | E:\Banco de dados - appinventor\app_php\root\Carrinho2\site\libs\classes\mysqli_connection.php | ::1

2018-05-24 22:37:13 | 1045 - Access denied for user 'root'@'localhost' (using password: NO) | E:\Banco de dados - appinventor\app_php\root\Carrinho2\site\libs\classes\mysqli_connection.php | ::1

2018-05-24 22:37:13 | 1045 - Access denied for user 'root'@'localhost' (using password: NO) | E:\Banco de dados - appinventor\app_php\root\Carrinho2\site\libs\classes\mysqli_connection.php | ::1

2018-05-24 22:37:13 | 1045 - Access denied for user 'root'@'localhost' (using password: NO) | E:\Banco de dados - appinventor\app_php\root\Carrinho2\site\libs\classes\mysqli_connection.php | ::1

2018-05-24 22:37:13 | 1045 - Access denied for user 'root'@'localhost' (using password: NO) | E:\Banco de dados - appinventor\app_php\root\Carrinho2\site\libs\classes\mysqli_connection.php | ::1

2018-05-24 22:37:19 | 1045 - Access denied for user 'root'@'localhost' (using password: NO) | E:\Banco de dados - appinventor\app_php\root\Carrinho2\site\libs\classes\mysqli_connection.php | ::1

2018-05-24 22:37:19 | 1045 - Access denied for user 'root'@'localhost' (using password: NO) | E:\Banco de dados - appinventor\app_php\root\Carrinho2\site\libs\classes\mysqli_connection.php | ::1

2018-05-24 22:37:19 | 1045 - Access denied for user 'root'@'localhost' (using password: NO) | E:\Banco de dados - appinventor\app_php\root\Carrinho2\site\libs\classes\mysqli_connection.php | ::1

2018-05-24 22:37:20 | 1045 - Access denied for user 'root'@'localhost' (using password: NO) | E:\Banco de dados - appinventor\app_php\root\Carrinho2\site\libs\classes\mysqli_connection.php | ::1

2018-05-24 22:37:20 | 1045 - Access denied for user 'root'@'localhost' (using password: NO) | E:\Banco de dados - appinventor\app_php\root\Carrinho2\site\libs\classes\mysqli_connection.php | ::1

2018-05-24 22:37:21 | 1045 - Access denied for user 'root'@'localhost' (using password: NO) | E:\Banco de dados - appinventor\app_php\root\Carrinho2\site\libs\classes\mysqli_connection.php | ::1

2018-05-24 22:37:21 | 1045 - Access denied for user 'root'@'localhost' (using password: NO) | E:\Banco de dados - appinventor\app_php\root\Carrinho2\site\libs\classes\mysqli_connection.php | ::1

2018-05-24 22:37:40 | 1045 - Access denied for user 'root'@'localhost' (using password: NO) | E:\Banco de dados - appinventor\app_php\root\Carrinho2\site\libs\classes\mysqli_connection.php | ::1

2018-05-24 22:37:40 | 1045 - Access denied for user 'root'@'localhost' (using password: NO) | E:\Banco de dados - appinventor\app_php\root\Carrinho2\site\libs\classes\mysqli_connection.php | ::1

2018-05-24 22:37:40 | 1045 - Access denied for user 'root'@'localhost' (using password: NO) | E:\Banco de dados - appinventor\app_php\root\Carrinho2\site\libs\classes\mysqli_connection.php | ::1

2018-05-24 22:37:41 | 1045 - Access denied for user 'root'@'localhost' (using password: NO) | E:\Banco de dados - appinventor\app_php\root\Carrinho2\site\libs\classes\mysqli_connection.php | ::1

2018-05-24 22:37:51 | 1045 - Access denied for user 'root'@'localhost' (using password: NO) | E:\Banco de dados - appinventor\app_php\root\Carrinho2\site\libs\classes\mysqli_connection.php | ::1

2018-05-24 22:37:51 | 1045 - Access denied for user 'root'@'localhost' (using password: NO) | E:\Banco de dados - appinventor\app_php\root\Carrinho2\site\libs\classes\mysqli_connection.php | ::1

2018-05-24 22:37:52 | 1045 - Access denied for user 'root'@'localhost' (using password: NO) | E:\Banco de dados - appinventor\app_php\root\Carrinho2\site\libs\classes\mysqli_connection.php | ::1

2018-05-24 22:37:52 | 1045 - Access denied for user 'root'@'localhost' (using password: NO) | E:\Banco de dados - appinventor\app_php\root\Carrinho2\site\libs\classes\mysqli_connection.php | ::1

2018-05-24 22:37:52 | 1045 - Access denied for user 'root'@'localhost' (using password: NO) | E:\Banco de dados - appinventor\app_php\root\Carrinho2\site\libs\classes\mysqli_connection.php | ::1

2018-05-24 22:37:52 | 1045 - Access denied for user 'root'@'localhost' (using password: NO) | E:\Banco de dados - appinventor\app_php\root\Carrinho2\site\libs\classes\mysqli_connection.php | ::1

2018-05-24 22:37:52 | 1045 - Access denied for user 'root'@'localhost' (using password: NO) | E:\Banco de dados - appinventor\app_php\root\Carrinho2\site\libs\classes\mysqli_connection.php | ::1

2018-05-24 22:40:02 | 1045 - Access denied for user 'root'@'localhost' (using password: NO) | E:\Banco de dados - appinventor\app_php\root\Carrinho2\site\libs\classes\mysqli_connection.php | ::1

2018-05-24 22:40:02 | 1045 - Access denied for user 'root'@'localhost' (using password: NO) | E:\Banco de dados - appinventor\app_php\root\Carrinho2\site\libs\classes\mysqli_connection.php | ::1

2018-05-24 22:40:03 | 1045 - Access denied for user 'root'@'localhost' (using password: NO) | E:\Banco de dados - appinventor\app_php\root\Carrinho2\site\libs\classes\mysqli_connection.php | ::1

2018-05-24 22:40:03 | 1045 - Access denied for user 'root'@'localhost' (using password: NO) | E:\Banco de dados - appinventor\app_php\root\Carrinho2\site\libs\classes\mysqli_connection.php | ::1

2018-05-24 22:40:03 | 1045 - Access denied for user 'root'@'localhost' (using password: NO) | E:\Banco de dados - appinventor\app_php\root\Carrinho2\site\libs\classes\mysqli_connection.php | ::1

2018-05-24 22:40:03 | 1045 - Access denied for user 'root'@'localhost' (using password: NO) | E:\Banco de dados - appinventor\app_php\root\Carrinho2\site\libs\classes\mysqli_connection.php | ::1

2018-05-24 22:40:04 | 1045 - Access denied for user 'root'@'localhost' (using password: NO) | E:\Banco de dados - appinventor\app_php\root\Carrinho2\site\libs\classes\mysqli_connection.php | ::1

2018-05-24 22:40:04 | 1045 - Access denied for user 'root'@'localhost' (using password: NO) | E:\Banco de dados - appinventor\app_php\root\Carrinho2\site\libs\classes\mysqli_connection.php | ::1

2018-05-24 22:40:04 | 1045 - Access denied for user 'root'@'localhost' (using password: NO) | E:\Banco de dados - appinventor\app_php\root\Carrinho2\site\libs\classes\mysqli_connection.php | ::1

2018-05-24 22:40:05 | 1045 - Access denied for user 'root'@'localhost' (using password: NO) | E:\Banco de dados - appinventor\app_php\root\Carrinho2\site\libs\classes\mysqli_connection.php | ::1

 | 1045 - Access denied for user 'root'@'localhost' (using password: NO) | E:\Banco de dados - appinventor\app_php\root\Carrinho2\site\libs\classes\mysqli_connection.php | ::1

Thu-05-pm 22:05:54 | 1045 - Access denied for user 'root'@'localhost' (using password: NO) | E:\Banco de dados - appinventor\app_php\root\Carrinho2\site\libs\classes\mysqli_connection.php | ::1

 | 1045 - Access denied for user 'root'@'localhost' (using password: NO) | E:\Banco de dados - appinventor\app_php\root\Carrinho2\site\libs\classes\mysqli_connection.php | ::1

 | 1045 - Access denied for user 'root'@'localhost' (using password: NO) | E:\Banco de dados - appinventor\app_php\root\Carrinho2\site\libs\classes\mysqli_connection.php | ::1

2018-05-24 22:48:14 | 1045 - Access denied for user 'root'@'localhost' (using password: NO) | E:\Banco de dados - appinventor\app_php\root\Carrinho2\site\libs\classes\mysqli_connection.php | ::1

2018-06-18 22:49:56 | 1049 - Unknown database 'loja' | F:\Banco de dados - appinventor\app_php\root\final4\libs\classes\mysqli_connection.php | ::1

2018-06-18 22:49:59 | 1049 - Unknown database 'loja' | F:\Banco de dados - appinventor\app_php\root\final4\libs\classes\mysqli_connection.php | ::1

2018-06-19 22:57:25 | 1049 - Unknown database 'loja' | E:\Banco de dados - appinventor\app_php\root\versao7.3\libs\classes\mysqli_connection.php | ::1

2018-06-19 22:58:42 | 1049 - Unknown database 'loja' | E:\Banco de dados - appinventor\app_php\root\versao7.3\libs\classes\mysqli_connection.php | ::1

