2018-05-09 19:02:26 6044 [Note] Plugin 'FEDERATED' is disabled.
2018-05-09 19:02:26 6044 [Note] InnoDB: The InnoDB memory heap is disabled
2018-05-09 19:02:26 6044 [Note] InnoDB: Mutexes and rw_locks use Windows interlocked functions
2018-05-09 19:02:26 6044 [Note] InnoDB: Compressed tables use zlib 1.2.3
2018-05-09 19:02:26 6044 [Note] InnoDB: Not using CPU crc32 instructions
2018-05-09 19:02:26 6044 [Note] InnoDB: Initializing buffer pool, size = 128.0M
2018-05-09 19:02:26 6044 [Note] InnoDB: Completed initialization of buffer pool
2018-05-09 19:02:26 6044 [Note] InnoDB: Highest supported file format is Barracuda.
2018-05-09 19:02:26 6044 [Note] InnoDB: The log sequence numbers 1626134 and 1626134 in ibdata files do not match the log sequence number 1799242 in the ib_logfiles!
2018-05-09 19:02:26 6044 [Note] InnoDB: Database was not shutdown normally!
2018-05-09 19:02:26 6044 [Note] InnoDB: Starting crash recovery.
2018-05-09 19:02:26 6044 [Note] InnoDB: Reading tablespace information from the .ibd files...
2018-05-09 19:02:27 6044 [Note] InnoDB: Restoring possible half-written data pages 
2018-05-09 19:02:27 6044 [Note] InnoDB: from the doublewrite buffer...
2018-05-09 19:02:27 6044 [Note] InnoDB: 128 rollback segment(s) are active.
2018-05-09 19:02:27 6044 [Note] InnoDB: Waiting for purge to start
2018-05-09 19:02:27 6044 [Note] InnoDB: 5.6.13 started; log sequence number 1799242
2018-05-09 19:02:27 6044 [Note] Server hostname (bind-address): '*'; port: 3307
2018-05-09 19:02:27 6044 [Note] IPv6 is available.
2018-05-09 19:02:27 6044 [Note]   - '::' resolves to '::';
2018-05-09 19:02:27 6044 [Note] Server socket created on IP: '::'.
2018-05-09 19:47:47 6080 [Note] Plugin 'FEDERATED' is disabled.
2018-05-09 19:47:47 6080 [Note] InnoDB: The InnoDB memory heap is disabled
2018-05-09 19:47:47 6080 [Note] InnoDB: Mutexes and rw_locks use Windows interlocked functions
2018-05-09 19:47:47 6080 [Note] InnoDB: Compressed tables use zlib 1.2.3
2018-05-09 19:47:47 6080 [Note] InnoDB: Not using CPU crc32 instructions
2018-05-09 19:47:47 6080 [Note] InnoDB: Initializing buffer pool, size = 128.0M
2018-05-09 19:47:47 6080 [Note] InnoDB: Completed initialization of buffer pool
2018-05-09 19:47:47 6080 [Note] InnoDB: Highest supported file format is Barracuda.
2018-05-09 19:47:47 6080 [Note] InnoDB: The log sequence numbers 1626134 and 1626134 in ibdata files do not match the log sequence number 1813893 in the ib_logfiles!
2018-05-09 19:47:47 6080 [Note] InnoDB: Database was not shutdown normally!
2018-05-09 19:47:47 6080 [Note] InnoDB: Starting crash recovery.
2018-05-09 19:47:47 6080 [Note] InnoDB: Reading tablespace information from the .ibd files...
2018-05-09 19:47:47 6080 [Note] InnoDB: Restoring possible half-written data pages 
2018-05-09 19:47:47 6080 [Note] InnoDB: from the doublewrite buffer...
2018-05-09 19:47:48 6080 [Note] InnoDB: 128 rollback segment(s) are active.
2018-05-09 19:47:48 6080 [Note] InnoDB: Waiting for purge to start
2018-05-09 19:47:48 6080 [Note] InnoDB: 5.6.13 started; log sequence number 1813893
2018-05-09 19:47:48 6080 [Note] Server hostname (bind-address): '*'; port: 3307
2018-05-09 19:47:48 6080 [Note] IPv6 is available.
2018-05-09 19:47:48 6080 [Note]   - '::' resolves to '::';
2018-05-09 19:47:48 6080 [Note] Server socket created on IP: '::'.
2018-05-09 19:47:49 6080 [Note] Event Scheduler: Loaded 0 events
2018-05-09 19:47:49 6080 [Note] E:\Banco de dados - appinventor\app_php/mysql/bin/mysqld_usbwv8.exe: ready for connections.
Version: '5.6.13'  socket: ''  port: 3307  MySQL Community Server (GPL)
2018-05-10 19:11:16 4696 [Note] Plugin 'FEDERATED' is disabled.
2018-05-10 19:11:16 4696 [Note] InnoDB: The InnoDB memory heap is disabled
2018-05-10 19:11:16 4696 [Note] InnoDB: Mutexes and rw_locks use Windows interlocked functions
2018-05-10 19:11:16 4696 [Note] InnoDB: Compressed tables use zlib 1.2.3
2018-05-10 19:11:16 4696 [Note] InnoDB: Not using CPU crc32 instructions
2018-05-10 19:11:16 4696 [Note] InnoDB: Initializing buffer pool, size = 128.0M
2018-05-10 19:11:17 4696 [Note] InnoDB: Completed initialization of buffer pool
2018-05-10 19:11:17 4696 [Note] InnoDB: Highest supported file format is Barracuda.
2018-05-10 19:11:17 4696 [Note] InnoDB: The log sequence numbers 1626134 and 1626134 in ibdata files do not match the log sequence number 1840249 in the ib_logfiles!
2018-05-10 19:11:17 4696 [Note] InnoDB: Database was not shutdown normally!
2018-05-10 19:11:17 4696 [Note] InnoDB: Starting crash recovery.
2018-05-10 19:11:17 4696 [Note] InnoDB: Reading tablespace information from the .ibd files...
2018-05-10 19:11:17 4696 [Note] InnoDB: Restoring possible half-written data pages 
2018-05-10 19:11:17 4696 [Note] InnoDB: from the doublewrite buffer...
2018-05-10 19:11:18 4696 [Note] InnoDB: 128 rollback segment(s) are active.
2018-05-10 19:11:18 4696 [Note] InnoDB: Waiting for purge to start
2018-05-10 19:11:18 4696 [Note] InnoDB: 5.6.13 started; log sequence number 1840249
2018-05-10 19:11:18 4696 [Note] Server hostname (bind-address): '*'; port: 3307
2018-05-10 19:11:18 4696 [Note] IPv6 is available.
2018-05-10 19:11:18 4696 [Note]   - '::' resolves to '::';
2018-05-10 19:11:18 4696 [Note] Server socket created on IP: '::'.
2018-05-10 19:11:18 4696 [Note] Event Scheduler: Loaded 0 events
2018-05-10 19:11:18 4696 [Note] E:\Banco de dados - appinventor\app_php/mysql/bin/mysqld_usbwv8.exe: ready for connections.
Version: '5.6.13'  socket: ''  port: 3307  MySQL Community Server (GPL)
2018-05-11 21:45:36 4000 [Note] Plugin 'FEDERATED' is disabled.
2018-05-11 21:45:36 4000 [Note] InnoDB: The InnoDB memory heap is disabled
2018-05-11 21:45:36 4000 [Note] InnoDB: Mutexes and rw_locks use Windows interlocked functions
2018-05-11 21:45:36 4000 [Note] InnoDB: Compressed tables use zlib 1.2.3
2018-05-11 21:45:36 4000 [Note] InnoDB: Not using CPU crc32 instructions
2018-05-11 21:45:36 4000 [Note] InnoDB: Initializing buffer pool, size = 128.0M
2018-05-11 21:45:36 4000 [Note] InnoDB: Completed initialization of buffer pool
2018-05-11 21:45:36 4000 [ERROR] InnoDB: E:\Banco de dados - appinventor\app_php\mysql\data\ibdata1 can't be opened in read-write mode
2018-05-11 21:45:36 4000 [ERROR] InnoDB: The system tablespace must be writable!
2018-05-11 21:45:36 4000 [ERROR] Plugin 'InnoDB' init function returned error.
2018-05-11 21:45:36 4000 [ERROR] Plugin 'InnoDB' registration as a STORAGE ENGINE failed.
2018-05-11 21:45:36 4000 [ERROR] Unknown/unsupported storage engine: InnoDB
2018-05-11 21:45:36 4000 [ERROR] Aborting

2018-05-11 21:45:36 4000 [Note] Binlog end
2018-05-11 21:45:36 4000 [Note] Shutting down plugin 'partition'
2018-05-11 21:45:36 4000 [Note] Shutting down plugin 'PERFORMANCE_SCHEMA'
2018-05-11 21:45:36 4000 [Note] Shutting down plugin 'INNODB_SYS_DATAFILES'
2018-05-11 21:45:36 4000 [Note] Shutting down plugin 'INNODB_SYS_TABLESPACES'
2018-05-11 21:45:36 4000 [Note] Shutting down plugin 'INNODB_SYS_FOREIGN_COLS'
2018-05-11 21:45:36 4000 [Note] Shutting down plugin 'INNODB_SYS_FOREIGN'
2018-05-11 21:45:36 4000 [Note] Shutting down plugin 'INNODB_SYS_FIELDS'
2018-05-11 21:45:36 4000 [Note] Shutting down plugin 'INNODB_SYS_COLUMNS'
2018-05-11 21:45:36 4000 [Note] Shutting down plugin 'INNODB_SYS_INDEXES'
2018-05-11 21:45:36 4000 [Note] Shutting down plugin 'INNODB_SYS_TABLESTATS'
2018-05-11 21:45:36 4000 [Note] Shutting down plugin 'INNODB_SYS_TABLES'
2018-05-11 21:45:36 4000 [Note] Shutting down plugin 'INNODB_FT_INDEX_TABLE'
2018-05-11 21:45:36 4000 [Note] Shutting down plugin 'INNODB_FT_INDEX_CACHE'
2018-05-11 21:45:36 4000 [Note] Shutting down plugin 'INNODB_FT_CONFIG'
2018-05-11 21:45:36 4000 [Note] Shutting down plugin 'INNODB_FT_BEING_DELETED'
2018-05-11 21:45:36 4000 [Note] Shutting down plugin 'INNODB_FT_DELETED'
2018-05-11 21:45:36 4000 [Note] Shutting down plugin 'INNODB_FT_DEFAULT_STOPWORD'
2018-05-11 21:45:36 4000 [Note] Shutting down plugin 'INNODB_METRICS'
2018-05-11 21:45:36 4000 [Note] Shutting down plugin 'INNODB_BUFFER_POOL_STATS'
2018-05-11 21:45:36 4000 [Note] Shutting down plugin 'INNODB_BUFFER_PAGE_LRU'
2018-05-11 21:45:36 4000 [Note] Shutting down plugin 'INNODB_BUFFER_PAGE'
2018-05-11 21:45:36 4000 [Note] Shutting down plugin 'INNODB_CMP_PER_INDEX_RESET'
2018-05-11 21:45:36 4000 [Note] Shutting down plugin 'INNODB_CMP_PER_INDEX'
2018-05-11 21:45:36 4000 [Note] Shutting down plugin 'INNODB_CMPMEM_RESET'
2018-05-11 21:45:36 4000 [Note] Shutting down plugin 'INNODB_CMPMEM'
2018-05-11 21:45:36 4000 [Note] Shutting down plugin 'INNODB_CMP_RESET'
2018-05-11 21:45:36 4000 [Note] Shutting down plugin 'INNODB_CMP'
2018-05-11 21:45:36 4000 [Note] Shutting down plugin 'INNODB_LOCK_WAITS'
2018-05-11 21:45:36 4000 [Note] Shutting down plugin 'INNODB_LOCKS'
2018-05-11 21:45:36 4000 [Note] Shutting down plugin 'INNODB_TRX'
2018-05-11 21:45:36 4000 [Note] Shutting down plugin 'BLACKHOLE'
2018-05-11 21:45:36 4000 [Note] Shutting down plugin 'ARCHIVE'
2018-05-11 21:45:36 4000 [Note] Shutting down plugin 'MRG_MYISAM'
2018-05-11 21:45:36 4000 [Note] Shutting down plugin 'MyISAM'
2018-05-11 21:45:36 4000 [Note] Shutting down plugin 'MEMORY'
2018-05-11 21:45:36 4000 [Note] Shutting down plugin 'CSV'
2018-05-11 21:45:36 4000 [Note] Shutting down plugin 'sha256_password'
2018-05-11 21:45:36 4000 [Note] Shutting down plugin 'mysql_old_password'
2018-05-11 21:45:36 4000 [Note] Shutting down plugin 'mysql_native_password'
2018-05-11 21:45:36 4000 [Note] Shutting down plugin 'binlog'
2018-05-11 21:45:36 4000 [Note] E:\Banco de dados - appinventor\app_php/mysql/bin/mysqld_usbwv8.exe: Shutdown complete

2018-05-11 21:46:26 6124 [Note] Plugin 'FEDERATED' is disabled.
2018-05-11 21:46:26 6124 [Note] InnoDB: The InnoDB memory heap is disabled
2018-05-11 21:46:26 6124 [Note] InnoDB: Mutexes and rw_locks use Windows interlocked functions
2018-05-11 21:46:26 6124 [Note] InnoDB: Compressed tables use zlib 1.2.3
2018-05-11 21:46:26 6124 [Note] InnoDB: Not using CPU crc32 instructions
2018-05-11 21:46:26 6124 [Note] InnoDB: Initializing buffer pool, size = 128.0M
2018-05-11 21:46:26 6124 [Note] InnoDB: Completed initialization of buffer pool
2018-05-11 21:46:26 6124 [Note] InnoDB: Highest supported file format is Barracuda.
2018-05-11 21:46:26 6124 [Note] InnoDB: The log sequence numbers 1626134 and 1626134 in ibdata files do not match the log sequence number 1840458 in the ib_logfiles!
2018-05-11 21:46:26 6124 [Note] InnoDB: Database was not shutdown normally!
2018-05-11 21:46:26 6124 [Note] InnoDB: Starting crash recovery.
2018-05-11 21:46:26 6124 [Note] InnoDB: Reading tablespace information from the .ibd files...
2018-05-11 21:46:26 6124 [Note] InnoDB: Restoring possible half-written data pages 
2018-05-11 21:46:26 6124 [Note] InnoDB: from the doublewrite buffer...
2018-05-11 21:46:27 6124 [Note] InnoDB: 128 rollback segment(s) are active.
2018-05-11 21:46:27 6124 [Note] InnoDB: Waiting for purge to start
2018-05-11 21:46:27 6124 [Note] InnoDB: 5.6.13 started; log sequence number 1840458
2018-05-11 21:46:27 6124 [Note] Server hostname (bind-address): '*'; port: 3307
2018-05-11 21:46:27 6124 [Note] IPv6 is available.
2018-05-11 21:46:27 6124 [Note]   - '::' resolves to '::';
2018-05-11 21:46:27 6124 [Note] Server socket created on IP: '::'.
2018-05-11 21:46:27 6124 [Note] Event Scheduler: Loaded 0 events
2018-05-11 21:46:27 6124 [Note] E:\Banco de dados - appinventor\app_php/mysql/bin/mysqld_usbwv8.exe: ready for connections.
Version: '5.6.13'  socket: ''  port: 3307  MySQL Community Server (GPL)
2018-05-14 19:14:55 5700 [Note] Plugin 'FEDERATED' is disabled.
2018-05-14 19:14:55 5700 [Note] InnoDB: The InnoDB memory heap is disabled
2018-05-14 19:14:55 5700 [Note] InnoDB: Mutexes and rw_locks use Windows interlocked functions
2018-05-14 19:14:55 5700 [Note] InnoDB: Compressed tables use zlib 1.2.3
2018-05-14 19:14:55 5700 [Note] InnoDB: Not using CPU crc32 instructions
2018-05-14 19:14:55 5700 [Note] InnoDB: Initializing buffer pool, size = 128.0M
2018-05-14 19:14:55 5700 [Note] InnoDB: Completed initialization of buffer pool
2018-05-14 19:14:55 5700 [Note] InnoDB: Highest supported file format is Barracuda.
2018-05-14 19:14:55 5700 [Note] InnoDB: The log sequence numbers 1626134 and 1626134 in ibdata files do not match the log sequence number 1840468 in the ib_logfiles!
2018-05-14 19:14:55 5700 [Note] InnoDB: Database was not shutdown normally!
2018-05-14 19:14:55 5700 [Note] InnoDB: Starting crash recovery.
2018-05-14 19:14:55 5700 [Note] InnoDB: Reading tablespace information from the .ibd files...
2018-05-14 19:14:55 5700 [Note] InnoDB: Restoring possible half-written data pages 
2018-05-14 19:14:55 5700 [Note] InnoDB: from the doublewrite buffer...
2018-05-14 19:14:56 5700 [Note] InnoDB: 128 rollback segment(s) are active.
2018-05-14 19:14:56 5700 [Note] InnoDB: Waiting for purge to start
2018-05-14 19:14:56 5700 [Note] InnoDB: 5.6.13 started; log sequence number 1840468
2018-05-14 19:14:56 5700 [Note] Server hostname (bind-address): '*'; port: 3307
2018-05-14 19:14:56 5700 [Note] IPv6 is available.
2018-05-14 19:14:56 5700 [Note]   - '::' resolves to '::';
2018-05-14 19:14:56 5700 [Note] Server socket created on IP: '::'.
2018-05-14 19:14:56 5700 [Note] Event Scheduler: Loaded 0 events
2018-05-14 19:14:56 5700 [Note] E:\Banco de dados - appinventor\app_php/mysql/bin/mysqld_usbwv8.exe: ready for connections.
Version: '5.6.13'  socket: ''  port: 3307  MySQL Community Server (GPL)
2018-06-06 19:39:32 6136 [Note] Plugin 'FEDERATED' is disabled.
2018-06-06 19:39:32 6136 [Note] InnoDB: The InnoDB memory heap is disabled
2018-06-06 19:39:32 6136 [Note] InnoDB: Mutexes and rw_locks use Windows interlocked functions
2018-06-06 19:39:32 6136 [Note] InnoDB: Compressed tables use zlib 1.2.3
2018-06-06 19:39:32 6136 [Note] InnoDB: Not using CPU crc32 instructions
2018-06-06 19:39:32 6136 [Note] InnoDB: Initializing buffer pool, size = 128.0M
2018-06-06 19:39:32 6136 [Note] InnoDB: Completed initialization of buffer pool
2018-06-06 19:39:32 6136 [Note] InnoDB: Highest supported file format is Barracuda.
2018-06-06 19:39:32 6136 [Note] InnoDB: The log sequence numbers 1626134 and 1626134 in ibdata files do not match the log sequence number 2259098 in the ib_logfiles!
2018-06-06 19:39:32 6136 [Note] InnoDB: Database was not shutdown normally!
2018-06-06 19:39:32 6136 [Note] InnoDB: Starting crash recovery.
2018-06-06 19:39:32 6136 [Note] InnoDB: Reading tablespace information from the .ibd files...
2018-06-06 19:39:33 6136 [Note] InnoDB: Restoring possible half-written data pages 
2018-06-06 19:39:33 6136 [Note] InnoDB: from the doublewrite buffer...
2018-06-06 19:39:34 6136 [Note] InnoDB: 128 rollback segment(s) are active.
2018-06-06 19:39:34 6136 [Note] InnoDB: Waiting for purge to start
2018-06-06 19:39:34 6136 [Note] InnoDB: 5.6.13 started; log sequence number 2259098
2018-06-06 19:39:34 6136 [Note] Server hostname (bind-address): '*'; port: 3307
2018-06-06 19:39:34 6136 [Note] IPv6 is available.
2018-06-06 19:39:34 6136 [Note]   - '::' resolves to '::';
2018-06-06 19:39:34 6136 [Note] Server socket created on IP: '::'.
2018-06-21 19:34:43 1592 [Note] Plugin 'FEDERATED' is disabled.
2018-06-21 19:34:43 1592 [Note] InnoDB: The InnoDB memory heap is disabled
2018-06-21 19:34:43 1592 [Note] InnoDB: Mutexes and rw_locks use Windows interlocked functions
2018-06-21 19:34:43 1592 [Note] InnoDB: Compressed tables use zlib 1.2.3
2018-06-21 19:34:43 1592 [Note] InnoDB: Not using CPU crc32 instructions
2018-06-21 19:34:43 1592 [Note] InnoDB: Initializing buffer pool, size = 128.0M
2018-06-21 19:34:43 1592 [Note] InnoDB: Completed initialization of buffer pool
2018-06-21 19:34:43 1592 [Note] InnoDB: Highest supported file format is Barracuda.
2018-06-21 19:34:43 1592 [Note] InnoDB: The log sequence numbers 2544542 and 2544542 in ibdata files do not match the log sequence number 2544552 in the ib_logfiles!
2018-06-21 19:34:43 1592 [Note] InnoDB: Database was not shutdown normally!
2018-06-21 19:34:43 1592 [Note] InnoDB: Starting crash recovery.
2018-06-21 19:34:43 1592 [Note] InnoDB: Reading tablespace information from the .ibd files...
2018-06-21 19:34:43 1592 [Note] InnoDB: Restoring possible half-written data pages 
2018-06-21 19:34:43 1592 [Note] InnoDB: from the doublewrite buffer...
2018-06-21 19:34:44 1592 [Note] InnoDB: 128 rollback segment(s) are active.
2018-06-21 19:34:44 1592 [Note] InnoDB: Waiting for purge to start
2018-06-21 19:34:45 1592 [Note] InnoDB: 5.6.13 started; log sequence number 2544552
2018-06-21 19:34:45 1592 [Note] Server hostname (bind-address): '*'; port: 3307
2018-06-21 19:34:45 1592 [Note] IPv6 is available.
2018-06-21 19:34:45 1592 [Note]   - '::' resolves to '::';
2018-06-21 19:34:45 1592 [Note] Server socket created on IP: '::'.
2018-06-21 19:34:46 1592 [Note] Event Scheduler: Loaded 0 events
2018-06-21 19:34:46 1592 [Note] E:\Banco de dados - appinventor\app_php/mysql/bin/mysqld_usbwv8.exe: ready for connections.
Version: '5.6.13'  socket: ''  port: 3307  MySQL Community Server (GPL)
