2018-05-15 19:42:32 2924 [Note] Plugin 'FEDERATED' is disabled.
2018-05-15 19:42:32 2924 [Note] InnoDB: The InnoDB memory heap is disabled
2018-05-15 19:42:32 2924 [Note] InnoDB: Mutexes and rw_locks use Windows interlocked functions
2018-05-15 19:42:32 2924 [Note] InnoDB: Compressed tables use zlib 1.2.3
2018-05-15 19:42:32 2924 [Note] InnoDB: Not using CPU crc32 instructions
2018-05-15 19:42:32 2924 [Note] InnoDB: Initializing buffer pool, size = 128.0M
2018-05-15 19:42:32 2924 [Note] InnoDB: Completed initialization of buffer pool
2018-05-15 19:42:32 2924 [Note] InnoDB: Highest supported file format is Barracuda.
2018-05-15 19:42:32 2924 [Note] InnoDB: The log sequence numbers 1626134 and 1626134 in ibdata files do not match the log sequence number 1875420 in the ib_logfiles!
2018-05-15 19:42:32 2924 [Note] InnoDB: Database was not shutdown normally!
2018-05-15 19:42:32 2924 [Note] InnoDB: Starting crash recovery.
2018-05-15 19:42:32 2924 [Note] InnoDB: Reading tablespace information from the .ibd files...
2018-05-15 19:42:32 2924 [Note] InnoDB: Restoring possible half-written data pages 
2018-05-15 19:42:32 2924 [Note] InnoDB: from the doublewrite buffer...
2018-05-15 19:42:33 2924 [Note] InnoDB: 128 rollback segment(s) are active.
2018-05-15 19:42:33 2924 [Note] InnoDB: Waiting for purge to start
2018-05-15 19:42:33 2924 [Note] InnoDB: 5.6.13 started; log sequence number 1875420
2018-05-15 19:42:33 2924 [Note] Server hostname (bind-address): '*'; port: 3307
2018-05-15 19:42:33 2924 [Note] IPv6 is available.
2018-05-15 19:42:33 2924 [Note]   - '::' resolves to '::';
2018-05-15 19:42:33 2924 [Note] Server socket created on IP: '::'.
2018-05-15 19:42:35 2924 [Note] Event Scheduler: Loaded 0 events
2018-05-15 19:42:35 2924 [Note] F:\Banco de dados - appinventor\app_php/mysql/bin/mysqld_usbwv8.exe: ready for connections.
Version: '5.6.13'  socket: ''  port: 3307  MySQL Community Server (GPL)
2018-05-15 20:16:17 2324 [Note] Plugin 'FEDERATED' is disabled.
2018-05-15 20:16:17 2324 [Note] InnoDB: The InnoDB memory heap is disabled
2018-05-15 20:16:17 2324 [Note] InnoDB: Mutexes and rw_locks use Windows interlocked functions
2018-05-15 20:16:17 2324 [Note] InnoDB: Compressed tables use zlib 1.2.3
2018-05-15 20:16:17 2324 [Note] InnoDB: Not using CPU crc32 instructions
2018-05-15 20:16:17 2324 [Note] InnoDB: Initializing buffer pool, size = 128.0M
2018-05-15 20:16:17 2324 [Note] InnoDB: Completed initialization of buffer pool
2018-05-15 20:16:17 2324 [Note] InnoDB: Highest supported file format is Barracuda.
2018-05-15 20:16:17 2324 [Note] InnoDB: The log sequence numbers 1626134 and 1626134 in ibdata files do not match the log sequence number 1895244 in the ib_logfiles!
2018-05-15 20:16:17 2324 [Note] InnoDB: Database was not shutdown normally!
2018-05-15 20:16:17 2324 [Note] InnoDB: Starting crash recovery.
2018-05-15 20:16:17 2324 [Note] InnoDB: Reading tablespace information from the .ibd files...
2018-05-15 20:16:17 2324 [Note] InnoDB: Restoring possible half-written data pages 
2018-05-15 20:16:17 2324 [Note] InnoDB: from the doublewrite buffer...
2018-05-15 20:16:18 2324 [Note] InnoDB: 128 rollback segment(s) are active.
2018-05-15 20:16:18 2324 [Note] InnoDB: Waiting for purge to start
2018-05-15 20:16:18 2324 [Note] InnoDB: 5.6.13 started; log sequence number 1895244
2018-05-15 20:16:18 2324 [Note] Server hostname (bind-address): '*'; port: 3307
2018-05-15 20:16:18 2324 [Note] IPv6 is available.
2018-05-15 20:16:18 2324 [Note]   - '::' resolves to '::';
2018-05-15 20:16:18 2324 [Note] Server socket created on IP: '::'.
2018-05-15 20:16:19 2324 [Note] Event Scheduler: Loaded 0 events
2018-05-15 20:16:19 2324 [Note] F:\Banco de dados - appinventor\app_php/mysql/bin/mysqld_usbwv8.exe: ready for connections.
Version: '5.6.13'  socket: ''  port: 3307  MySQL Community Server (GPL)
2018-06-12 19:48:17 2608 [Note] Plugin 'FEDERATED' is disabled.
2018-06-12 19:48:17 2608 [Note] InnoDB: The InnoDB memory heap is disabled
2018-06-12 19:48:17 2608 [Note] InnoDB: Mutexes and rw_locks use Windows interlocked functions
2018-06-12 19:48:17 2608 [Note] InnoDB: Compressed tables use zlib 1.2.3
2018-06-12 19:48:17 2608 [Note] InnoDB: Not using CPU crc32 instructions
2018-06-12 19:48:17 2608 [Note] InnoDB: Initializing buffer pool, size = 128.0M
2018-06-12 19:48:17 2608 [Note] InnoDB: Completed initialization of buffer pool
2018-06-12 19:48:18 2608 [Note] InnoDB: Highest supported file format is Barracuda.
2018-06-12 19:48:18 2608 [Note] InnoDB: The log sequence numbers 1626134 and 1626134 in ibdata files do not match the log sequence number 2457752 in the ib_logfiles!
2018-06-12 19:48:18 2608 [Note] InnoDB: Database was not shutdown normally!
2018-06-12 19:48:18 2608 [Note] InnoDB: Starting crash recovery.
2018-06-12 19:48:18 2608 [Note] InnoDB: Reading tablespace information from the .ibd files...
2018-06-12 19:48:18 2608 [Note] InnoDB: Restoring possible half-written data pages 
2018-06-12 19:48:18 2608 [Note] InnoDB: from the doublewrite buffer...
2018-06-12 19:48:19 2608 [Note] InnoDB: 128 rollback segment(s) are active.
2018-06-12 19:48:19 2608 [Note] InnoDB: Waiting for purge to start
2018-06-12 19:48:19 2608 [Note] InnoDB: 5.6.13 started; log sequence number 2457752
2018-06-12 19:48:19 2608 [Note] Server hostname (bind-address): '*'; port: 3307
2018-06-12 19:48:19 2608 [Note] IPv6 is available.
2018-06-12 19:48:19 2608 [Note]   - '::' resolves to '::';
2018-06-12 19:48:19 2608 [Note] Server socket created on IP: '::'.
2018-06-12 19:48:20 2608 [Note] Event Scheduler: Loaded 0 events
2018-06-12 19:48:20 2608 [Note] F:\Banco de dados - appinventor\app_php/mysql/bin/mysqld_usbwv8.exe: ready for connections.
Version: '5.6.13'  socket: ''  port: 3307  MySQL Community Server (GPL)
2018-06-12 20:32:02 2684 [Note] Plugin 'FEDERATED' is disabled.
2018-06-12 20:32:02 2684 [Note] InnoDB: The InnoDB memory heap is disabled
2018-06-12 20:32:02 2684 [Note] InnoDB: Mutexes and rw_locks use Windows interlocked functions
2018-06-12 20:32:02 2684 [Note] InnoDB: Compressed tables use zlib 1.2.3
2018-06-12 20:32:02 2684 [Note] InnoDB: Not using CPU crc32 instructions
2018-06-12 20:32:02 2684 [Note] InnoDB: Initializing buffer pool, size = 128.0M
2018-06-12 20:32:02 2684 [Note] InnoDB: Completed initialization of buffer pool
2018-06-12 20:32:02 2684 [Note] InnoDB: Highest supported file format is Barracuda.
2018-06-12 20:32:02 2684 [Note] InnoDB: The log sequence numbers 1626134 and 1626134 in ibdata files do not match the log sequence number 2457762 in the ib_logfiles!
2018-06-12 20:32:02 2684 [Note] InnoDB: Database was not shutdown normally!
2018-06-12 20:32:02 2684 [Note] InnoDB: Starting crash recovery.
2018-06-12 20:32:02 2684 [Note] InnoDB: Reading tablespace information from the .ibd files...
2018-06-12 20:32:02 2684 [Note] InnoDB: Restoring possible half-written data pages 
2018-06-12 20:32:02 2684 [Note] InnoDB: from the doublewrite buffer...
2018-06-12 20:32:04 2684 [Note] InnoDB: 128 rollback segment(s) are active.
2018-06-12 20:32:04 2684 [Note] InnoDB: Waiting for purge to start
2018-06-12 20:32:04 2684 [Note] InnoDB: 5.6.13 started; log sequence number 2457762
2018-06-12 20:32:04 2684 [Note] Server hostname (bind-address): '*'; port: 3307
2018-06-12 20:32:04 2684 [Note] IPv6 is available.
2018-06-12 20:32:04 2684 [Note]   - '::' resolves to '::';
2018-06-12 20:32:04 2684 [Note] Server socket created on IP: '::'.
2018-06-12 20:32:05 2684 [Note] Event Scheduler: Loaded 0 events
2018-06-12 20:32:05 2684 [Note] F:\Banco de dados - appinventor\app_php/mysql/bin/mysqld_usbwv8.exe: ready for connections.
Version: '5.6.13'  socket: ''  port: 3307  MySQL Community Server (GPL)
2018-06-18 18:59:22 2372 [Note] Plugin 'FEDERATED' is disabled.
2018-06-18 18:59:22 2372 [Note] InnoDB: The InnoDB memory heap is disabled
2018-06-18 18:59:22 2372 [Note] InnoDB: Mutexes and rw_locks use Windows interlocked functions
2018-06-18 18:59:22 2372 [Note] InnoDB: Compressed tables use zlib 1.2.3
2018-06-18 18:59:22 2372 [Note] InnoDB: Not using CPU crc32 instructions
2018-06-18 18:59:22 2372 [Note] InnoDB: Initializing buffer pool, size = 128.0M
2018-06-18 18:59:22 2372 [Note] InnoDB: Completed initialization of buffer pool
2018-06-18 18:59:23 2372 [Note] InnoDB: Highest supported file format is Barracuda.
2018-06-18 18:59:23 2372 [Note] InnoDB: The log sequence numbers 1626134 and 1626134 in ibdata files do not match the log sequence number 2509844 in the ib_logfiles!
2018-06-18 18:59:23 2372 [Note] InnoDB: Database was not shutdown normally!
2018-06-18 18:59:23 2372 [Note] InnoDB: Starting crash recovery.
2018-06-18 18:59:23 2372 [Note] InnoDB: Reading tablespace information from the .ibd files...
2018-06-18 18:59:23 2372 [Note] InnoDB: Restoring possible half-written data pages 
2018-06-18 18:59:23 2372 [Note] InnoDB: from the doublewrite buffer...
2018-06-18 18:59:24 2372 [Note] InnoDB: 128 rollback segment(s) are active.
2018-06-18 18:59:24 2372 [Note] InnoDB: Waiting for purge to start
2018-06-18 18:59:24 2372 [Note] InnoDB: 5.6.13 started; log sequence number 2509844
2018-06-18 18:59:24 2372 [Note] Server hostname (bind-address): '*'; port: 3307
2018-06-18 18:59:24 2372 [Note] IPv6 is available.
2018-06-18 18:59:24 2372 [Note]   - '::' resolves to '::';
2018-06-18 18:59:24 2372 [Note] Server socket created on IP: '::'.
2018-06-18 18:59:25 2372 [Note] Event Scheduler: Loaded 0 events
2018-06-18 18:59:25 2372 [Note] E:\Banco de dados - appinventor\app_php/mysql/bin/mysqld_usbwv8.exe: ready for connections.
Version: '5.6.13'  socket: ''  port: 3307  MySQL Community Server (GPL)
2018-06-20 19:18:24 1524 [Note] Plugin 'FEDERATED' is disabled.
2018-06-20 19:18:24 1524 [Note] InnoDB: The InnoDB memory heap is disabled
2018-06-20 19:18:24 1524 [Note] InnoDB: Mutexes and rw_locks use Windows interlocked functions
2018-06-20 19:18:24 1524 [Note] InnoDB: Compressed tables use zlib 1.2.3
2018-06-20 19:18:24 1524 [Note] InnoDB: Not using CPU crc32 instructions
2018-06-20 19:18:24 1524 [Note] InnoDB: Initializing buffer pool, size = 128.0M
2018-06-20 19:18:24 1524 [Note] InnoDB: Completed initialization of buffer pool
2018-06-20 19:18:24 1524 [Note] InnoDB: Highest supported file format is Barracuda.
2018-06-20 19:18:24 1524 [Note] InnoDB: The log sequence numbers 2509894 and 2509894 in ibdata files do not match the log sequence number 2513369 in the ib_logfiles!
2018-06-20 19:18:24 1524 [Note] InnoDB: Database was not shutdown normally!
2018-06-20 19:18:24 1524 [Note] InnoDB: Starting crash recovery.
2018-06-20 19:18:24 1524 [Note] InnoDB: Reading tablespace information from the .ibd files...
2018-06-20 19:18:25 1524 [Note] InnoDB: Restoring possible half-written data pages 
2018-06-20 19:18:25 1524 [Note] InnoDB: from the doublewrite buffer...
2018-06-20 19:18:31 1892 [Note] Plugin 'FEDERATED' is disabled.
2018-06-20 19:18:31 1892 [Note] InnoDB: The InnoDB memory heap is disabled
2018-06-20 19:18:31 1892 [Note] InnoDB: Mutexes and rw_locks use Windows interlocked functions
2018-06-20 19:18:31 1892 [Note] InnoDB: Compressed tables use zlib 1.2.3
2018-06-20 19:18:31 1892 [Note] InnoDB: Not using CPU crc32 instructions
2018-06-20 19:18:31 1892 [Note] InnoDB: Initializing buffer pool, size = 128.0M
2018-06-20 19:18:31 1892 [Note] InnoDB: Completed initialization of buffer pool
2018-06-20 19:18:31 1892 [Note] InnoDB: Highest supported file format is Barracuda.
2018-06-20 19:18:31 1892 [Note] InnoDB: The log sequence numbers 2509894 and 2509894 in ibdata files do not match the log sequence number 2513369 in the ib_logfiles!
2018-06-20 19:18:31 1892 [Note] InnoDB: Database was not shutdown normally!
2018-06-20 19:18:31 1892 [Note] InnoDB: Starting crash recovery.
2018-06-20 19:18:31 1892 [Note] InnoDB: Reading tablespace information from the .ibd files...
2018-06-20 19:18:31 1892 [Note] InnoDB: Restoring possible half-written data pages 
2018-06-20 19:18:31 1892 [Note] InnoDB: from the doublewrite buffer...
2018-06-20 19:18:32 1892 [Note] InnoDB: 128 rollback segment(s) are active.
2018-06-20 19:18:32 1892 [Note] InnoDB: Waiting for purge to start
2018-06-20 19:18:32 1892 [Note] InnoDB: 5.6.13 started; log sequence number 2513369
2018-06-20 19:18:32 1892 [Note] Server hostname (bind-address): '*'; port: 3307
2018-06-20 19:18:32 1892 [Note] IPv6 is available.
2018-06-20 19:18:32 1892 [Note]   - '::' resolves to '::';
2018-06-20 19:18:32 1892 [Note] Server socket created on IP: '::'.
2018-06-20 19:18:34 1892 [Note] Event Scheduler: Loaded 0 events
2018-06-20 19:18:34 1892 [Note] E:\Banco de dados - appinventor\app_php/mysql/bin/mysqld_usbwv8.exe: ready for connections.
Version: '5.6.13'  socket: ''  port: 3307  MySQL Community Server (GPL)
2018-06-20 20:14:45 5136 [Note] Plugin 'FEDERATED' is disabled.
2018-06-20 20:14:45 5136 [Note] InnoDB: The InnoDB memory heap is disabled
2018-06-20 20:14:45 5136 [Note] InnoDB: Mutexes and rw_locks use Windows interlocked functions
2018-06-20 20:14:45 5136 [Note] InnoDB: Compressed tables use zlib 1.2.3
2018-06-20 20:14:45 5136 [Note] InnoDB: Not using CPU crc32 instructions
2018-06-20 20:14:45 5136 [Note] InnoDB: Initializing buffer pool, size = 128.0M
2018-06-20 20:14:45 5136 [Note] InnoDB: Completed initialization of buffer pool
2018-06-20 20:14:45 5136 [Note] InnoDB: Highest supported file format is Barracuda.
2018-06-20 20:14:45 5136 [Note] InnoDB: The log sequence numbers 2509894 and 2509894 in ibdata files do not match the log sequence number 2542289 in the ib_logfiles!
2018-06-20 20:14:45 5136 [Note] InnoDB: Database was not shutdown normally!
2018-06-20 20:14:45 5136 [Note] InnoDB: Starting crash recovery.
2018-06-20 20:14:45 5136 [Note] InnoDB: Reading tablespace information from the .ibd files...
2018-06-20 20:14:45 5136 [Note] InnoDB: Restoring possible half-written data pages 
2018-06-20 20:14:45 5136 [Note] InnoDB: from the doublewrite buffer...
2018-06-20 20:14:47 5136 [Note] InnoDB: 128 rollback segment(s) are active.
2018-06-20 20:14:47 5136 [Note] InnoDB: Waiting for purge to start
2018-06-20 20:14:47 5136 [Note] InnoDB: 5.6.13 started; log sequence number 2542289
2018-06-20 20:14:47 5136 [Note] Server hostname (bind-address): '*'; port: 3307
2018-06-20 20:14:47 5136 [Note] IPv6 is available.
2018-06-20 20:14:47 5136 [Note]   - '::' resolves to '::';
2018-06-20 20:14:47 5136 [Note] Server socket created on IP: '::'.
2018-06-20 20:14:47 5136 [ERROR] Can't start server: Bind on TCP/IP port: No such file or directory
2018-06-20 20:14:47 5136 [ERROR] Do you already have another mysqld server running on port: 3307 ?
2018-06-20 20:14:47 5136 [ERROR] Aborting

2018-06-20 20:14:47 5136 [Note] Binlog end
2018-06-20 20:14:47 5136 [Note] Shutting down plugin 'partition'
2018-06-20 20:14:47 5136 [Note] Shutting down plugin 'PERFORMANCE_SCHEMA'
2018-06-20 20:14:47 5136 [Note] Shutting down plugin 'INNODB_SYS_DATAFILES'
2018-06-20 20:14:47 5136 [Note] Shutting down plugin 'INNODB_SYS_TABLESPACES'
2018-06-20 20:14:47 5136 [Note] Shutting down plugin 'INNODB_SYS_FOREIGN_COLS'
2018-06-20 20:14:47 5136 [Note] Shutting down plugin 'INNODB_SYS_FOREIGN'
2018-06-20 20:14:47 5136 [Note] Shutting down plugin 'INNODB_SYS_FIELDS'
2018-06-20 20:14:47 5136 [Note] Shutting down plugin 'INNODB_SYS_COLUMNS'
2018-06-20 20:14:47 5136 [Note] Shutting down plugin 'INNODB_SYS_INDEXES'
2018-06-20 20:14:47 5136 [Note] Shutting down plugin 'INNODB_SYS_TABLESTATS'
2018-06-20 20:14:47 5136 [Note] Shutting down plugin 'INNODB_SYS_TABLES'
2018-06-20 20:14:47 5136 [Note] Shutting down plugin 'INNODB_FT_INDEX_TABLE'
2018-06-20 20:14:47 5136 [Note] Shutting down plugin 'INNODB_FT_INDEX_CACHE'
2018-06-20 20:14:47 5136 [Note] Shutting down plugin 'INNODB_FT_CONFIG'
2018-06-20 20:14:47 5136 [Note] Shutting down plugin 'INNODB_FT_BEING_DELETED'
2018-06-20 20:14:47 5136 [Note] Shutting down plugin 'INNODB_FT_DELETED'
2018-06-20 20:14:47 5136 [Note] Shutting down plugin 'INNODB_FT_DEFAULT_STOPWORD'
2018-06-20 20:14:47 5136 [Note] Shutting down plugin 'INNODB_METRICS'
2018-06-20 20:14:47 5136 [Note] Shutting down plugin 'INNODB_BUFFER_POOL_STATS'
2018-06-20 20:14:47 5136 [Note] Shutting down plugin 'INNODB_BUFFER_PAGE_LRU'
2018-06-20 20:14:47 5136 [Note] Shutting down plugin 'INNODB_BUFFER_PAGE'
2018-06-20 20:14:47 5136 [Note] Shutting down plugin 'INNODB_CMP_PER_INDEX_RESET'
2018-06-20 20:14:47 5136 [Note] Shutting down plugin 'INNODB_CMP_PER_INDEX'
2018-06-20 20:14:47 5136 [Note] Shutting down plugin 'INNODB_CMPMEM_RESET'
2018-06-20 20:14:47 5136 [Note] Shutting down plugin 'INNODB_CMPMEM'
2018-06-20 20:14:47 5136 [Note] Shutting down plugin 'INNODB_CMP_RESET'
2018-06-20 20:14:47 5136 [Note] Shutting down plugin 'INNODB_CMP'
2018-06-20 20:14:47 5136 [Note] Shutting down plugin 'INNODB_LOCK_WAITS'
2018-06-20 20:14:47 5136 [Note] Shutting down plugin 'INNODB_LOCKS'
2018-06-20 20:14:47 5136 [Note] Shutting down plugin 'INNODB_TRX'
2018-06-20 20:14:47 5136 [Note] Shutting down plugin 'InnoDB'
2018-06-20 20:14:47 5136 [Note] InnoDB: FTS optimize thread exiting.
2018-06-20 20:14:47 5136 [Note] InnoDB: Starting shutdown...
2018-06-20 20:14:48 5136 [Note] InnoDB: Shutdown completed; log sequence number 2542299
2018-06-20 20:14:48 5136 [Note] Shutting down plugin 'BLACKHOLE'
2018-06-20 20:14:48 5136 [Note] Shutting down plugin 'ARCHIVE'
2018-06-20 20:14:48 5136 [Note] Shutting down plugin 'MRG_MYISAM'
2018-06-20 20:14:48 5136 [Note] Shutting down plugin 'MyISAM'
2018-06-20 20:14:48 5136 [Note] Shutting down plugin 'MEMORY'
2018-06-20 20:14:48 5136 [Note] Shutting down plugin 'CSV'
2018-06-20 20:14:48 5136 [Note] Shutting down plugin 'sha256_password'
2018-06-20 20:14:48 5136 [Note] Shutting down plugin 'mysql_old_password'
2018-06-20 20:14:48 5136 [Note] Shutting down plugin 'mysql_native_password'
2018-06-20 20:14:48 5136 [Note] Shutting down plugin 'binlog'
2018-06-20 20:14:48 5136 [Note] E:\Banco de dados - appinventor\app_php/mysql/bin/mysqld_usbwv8.exe: Shutdown complete

2018-06-20 20:16:39 5980 [Note] Plugin 'FEDERATED' is disabled.
2018-06-20 20:16:39 5980 [Note] InnoDB: The InnoDB memory heap is disabled
2018-06-20 20:16:39 5980 [Note] InnoDB: Mutexes and rw_locks use Windows interlocked functions
2018-06-20 20:16:39 5980 [Note] InnoDB: Compressed tables use zlib 1.2.3
2018-06-20 20:16:39 5980 [Note] InnoDB: Not using CPU crc32 instructions
2018-06-20 20:16:39 5980 [Note] InnoDB: Initializing buffer pool, size = 128.0M
2018-06-20 20:16:39 5980 [Note] InnoDB: Completed initialization of buffer pool
2018-06-20 20:16:39 5980 [Note] InnoDB: Highest supported file format is Barracuda.
2018-06-20 20:16:40 5980 [Note] InnoDB: 128 rollback segment(s) are active.
2018-06-20 20:16:40 5980 [Note] InnoDB: Waiting for purge to start
2018-06-20 20:16:40 5980 [Note] InnoDB: 5.6.13 started; log sequence number 2542299
2018-06-20 20:16:40 5980 [Note] Server hostname (bind-address): '*'; port: 3307
2018-06-20 20:16:40 5980 [Note] IPv6 is available.
2018-06-20 20:16:40 5980 [Note]   - '::' resolves to '::';
2018-06-20 20:16:40 5980 [Note] Server socket created on IP: '::'.
2018-06-20 21:12:03 1748 [Note] Plugin 'FEDERATED' is disabled.
2018-06-20 21:12:03 1748 [Note] InnoDB: The InnoDB memory heap is disabled
2018-06-20 21:12:03 1748 [Note] InnoDB: Mutexes and rw_locks use Windows interlocked functions
2018-06-20 21:12:03 1748 [Note] InnoDB: Compressed tables use zlib 1.2.3
2018-06-20 21:12:03 1748 [Note] InnoDB: Not using CPU crc32 instructions
2018-06-20 21:12:03 1748 [Note] InnoDB: Initializing buffer pool, size = 128.0M
2018-06-20 21:12:03 1748 [Note] InnoDB: Completed initialization of buffer pool
2018-06-20 21:12:04 1748 [Note] InnoDB: Highest supported file format is Barracuda.
2018-06-20 21:12:04 1748 [Note] InnoDB: The log sequence numbers 2542299 and 2542299 in ibdata files do not match the log sequence number 2542309 in the ib_logfiles!
2018-06-20 21:12:04 1748 [Note] InnoDB: Database was not shutdown normally!
2018-06-20 21:12:04 1748 [Note] InnoDB: Starting crash recovery.
2018-06-20 21:12:04 1748 [Note] InnoDB: Reading tablespace information from the .ibd files...
2018-06-20 21:12:04 1748 [Note] InnoDB: Restoring possible half-written data pages 
2018-06-20 21:12:04 1748 [Note] InnoDB: from the doublewrite buffer...
2018-06-20 21:12:05 1748 [Note] InnoDB: 128 rollback segment(s) are active.
2018-06-20 21:12:05 1748 [Note] InnoDB: Waiting for purge to start
2018-06-20 21:12:05 1748 [Note] InnoDB: 5.6.13 started; log sequence number 2542309
2018-06-20 21:12:05 1748 [Note] Server hostname (bind-address): '*'; port: 3307
2018-06-20 21:12:05 1748 [Note] IPv6 is available.
2018-06-20 21:12:05 1748 [Note]   - '::' resolves to '::';
2018-06-20 21:12:05 1748 [Note] Server socket created on IP: '::'.
2018-06-20 21:12:05 1748 [ERROR] Can't start server: Bind on TCP/IP port: No such file or directory
2018-06-20 21:12:05 1748 [ERROR] Do you already have another mysqld server running on port: 3307 ?
2018-06-20 21:12:05 1748 [ERROR] Aborting

2018-06-20 21:12:05 1748 [Note] Binlog end
2018-06-20 21:12:05 1748 [Note] Shutting down plugin 'partition'
2018-06-20 21:12:05 1748 [Note] Shutting down plugin 'PERFORMANCE_SCHEMA'
2018-06-20 21:12:05 1748 [Note] Shutting down plugin 'INNODB_SYS_DATAFILES'
2018-06-20 21:12:05 1748 [Note] Shutting down plugin 'INNODB_SYS_TABLESPACES'
2018-06-20 21:12:05 1748 [Note] Shutting down plugin 'INNODB_SYS_FOREIGN_COLS'
2018-06-20 21:12:05 1748 [Note] Shutting down plugin 'INNODB_SYS_FOREIGN'
2018-06-20 21:12:05 1748 [Note] Shutting down plugin 'INNODB_SYS_FIELDS'
2018-06-20 21:12:05 1748 [Note] Shutting down plugin 'INNODB_SYS_COLUMNS'
2018-06-20 21:12:05 1748 [Note] Shutting down plugin 'INNODB_SYS_INDEXES'
2018-06-20 21:12:05 1748 [Note] Shutting down plugin 'INNODB_SYS_TABLESTATS'
2018-06-20 21:12:05 1748 [Note] Shutting down plugin 'INNODB_SYS_TABLES'
2018-06-20 21:12:05 1748 [Note] Shutting down plugin 'INNODB_FT_INDEX_TABLE'
2018-06-20 21:12:05 1748 [Note] Shutting down plugin 'INNODB_FT_INDEX_CACHE'
2018-06-20 21:12:05 1748 [Note] Shutting down plugin 'INNODB_FT_CONFIG'
2018-06-20 21:12:05 1748 [Note] Shutting down plugin 'INNODB_FT_BEING_DELETED'
2018-06-20 21:12:05 1748 [Note] Shutting down plugin 'INNODB_FT_DELETED'
2018-06-20 21:12:05 1748 [Note] Shutting down plugin 'INNODB_FT_DEFAULT_STOPWORD'
2018-06-20 21:12:05 1748 [Note] Shutting down plugin 'INNODB_METRICS'
2018-06-20 21:12:05 1748 [Note] Shutting down plugin 'INNODB_BUFFER_POOL_STATS'
2018-06-20 21:12:05 1748 [Note] Shutting down plugin 'INNODB_BUFFER_PAGE_LRU'
2018-06-20 21:12:05 1748 [Note] Shutting down plugin 'INNODB_BUFFER_PAGE'
2018-06-20 21:12:05 1748 [Note] Shutting down plugin 'INNODB_CMP_PER_INDEX_RESET'
2018-06-20 21:12:05 1748 [Note] Shutting down plugin 'INNODB_CMP_PER_INDEX'
2018-06-20 21:12:05 1748 [Note] Shutting down plugin 'INNODB_CMPMEM_RESET'
2018-06-20 21:12:05 1748 [Note] Shutting down plugin 'INNODB_CMPMEM'
2018-06-20 21:12:05 1748 [Note] Shutting down plugin 'INNODB_CMP_RESET'
2018-06-20 21:12:05 1748 [Note] Shutting down plugin 'INNODB_CMP'
2018-06-20 21:12:05 1748 [Note] Shutting down plugin 'INNODB_LOCK_WAITS'
2018-06-20 21:12:05 1748 [Note] Shutting down plugin 'INNODB_LOCKS'
2018-06-20 21:12:05 1748 [Note] Shutting down plugin 'INNODB_TRX'
2018-06-20 21:12:05 1748 [Note] Shutting down plugin 'InnoDB'
2018-06-20 21:12:05 1748 [Note] InnoDB: FTS optimize thread exiting.
2018-06-20 21:12:05 1748 [Note] InnoDB: Starting shutdown...
2018-06-20 21:12:06 1748 [Note] InnoDB: Shutdown completed; log sequence number 2542319
2018-06-20 21:12:06 1748 [Note] Shutting down plugin 'BLACKHOLE'
2018-06-20 21:12:06 1748 [Note] Shutting down plugin 'ARCHIVE'
2018-06-20 21:12:06 1748 [Note] Shutting down plugin 'MRG_MYISAM'
2018-06-20 21:12:06 1748 [Note] Shutting down plugin 'MyISAM'
2018-06-20 21:12:06 1748 [Note] Shutting down plugin 'MEMORY'
2018-06-20 21:12:06 1748 [Note] Shutting down plugin 'CSV'
2018-06-20 21:12:06 1748 [Note] Shutting down plugin 'sha256_password'
2018-06-20 21:12:06 1748 [Note] Shutting down plugin 'mysql_old_password'
2018-06-20 21:12:06 1748 [Note] Shutting down plugin 'mysql_native_password'
2018-06-20 21:12:06 1748 [Note] Shutting down plugin 'binlog'
2018-06-20 21:12:06 1748 [Note] E:\Banco de dados - appinventor\app_php/mysql/bin/mysqld_usbwv8.exe: Shutdown complete

2018-06-20 21:16:59 4452 [Note] Plugin 'FEDERATED' is disabled.
2018-06-20 21:16:59 4452 [Note] InnoDB: The InnoDB memory heap is disabled
2018-06-20 21:16:59 4452 [Note] InnoDB: Mutexes and rw_locks use Windows interlocked functions
2018-06-20 21:16:59 4452 [Note] InnoDB: Compressed tables use zlib 1.2.3
2018-06-20 21:16:59 4452 [Note] InnoDB: Not using CPU crc32 instructions
2018-06-20 21:16:59 4452 [Note] InnoDB: Initializing buffer pool, size = 128.0M
2018-06-20 21:16:59 4452 [Note] InnoDB: Completed initialization of buffer pool
2018-06-20 21:16:59 4452 [Note] InnoDB: Highest supported file format is Barracuda.
2018-06-20 21:17:00 4452 [Note] InnoDB: 128 rollback segment(s) are active.
2018-06-20 21:17:00 4452 [Note] InnoDB: Waiting for purge to start
2018-06-20 21:17:00 4452 [Note] InnoDB: 5.6.13 started; log sequence number 2542319
2018-06-20 21:17:00 4452 [Note] Server hostname (bind-address): '*'; port: 3307
2018-06-20 21:17:00 4452 [Note] IPv6 is available.
2018-06-20 21:17:00 4452 [Note]   - '::' resolves to '::';
2018-06-20 21:17:00 4452 [Note] Server socket created on IP: '::'.
2018-06-20 21:17:00 4452 [Note] Event Scheduler: Loaded 0 events
2018-06-20 21:17:00 4452 [Note] E:\Banco de dados - appinventor\app_php/mysql/bin/mysqld_usbwv8.exe: ready for connections.
Version: '5.6.13'  socket: ''  port: 3307  MySQL Community Server (GPL)
2018-06-25 22:40:25 2032 [Note] Plugin 'FEDERATED' is disabled.
2018-06-25 22:40:25 2032 [Note] InnoDB: The InnoDB memory heap is disabled
2018-06-25 22:40:25 2032 [Note] InnoDB: Mutexes and rw_locks use Windows interlocked functions
2018-06-25 22:40:25 2032 [Note] InnoDB: Compressed tables use zlib 1.2.3
2018-06-25 22:40:25 2032 [Note] InnoDB: Not using CPU crc32 instructions
2018-06-25 22:40:25 2032 [Note] InnoDB: Initializing buffer pool, size = 128.0M
2018-06-25 22:40:25 2032 [Note] InnoDB: Completed initialization of buffer pool
2018-06-25 22:40:25 2032 [Note] InnoDB: Highest supported file format is Barracuda.
2018-06-25 22:40:25 2032 [Note] InnoDB: The log sequence numbers 2547187 and 2547187 in ibdata files do not match the log sequence number 2801754 in the ib_logfiles!
2018-06-25 22:40:25 2032 [Note] InnoDB: Database was not shutdown normally!
2018-06-25 22:40:25 2032 [Note] InnoDB: Starting crash recovery.
2018-06-25 22:40:25 2032 [Note] InnoDB: Reading tablespace information from the .ibd files...
2018-06-25 22:40:25 2032 [Note] InnoDB: Restoring possible half-written data pages 
2018-06-25 22:40:25 2032 [Note] InnoDB: from the doublewrite buffer...
2018-06-25 22:40:27 2032 [Note] InnoDB: 128 rollback segment(s) are active.
2018-06-25 22:40:27 2032 [Note] InnoDB: Waiting for purge to start
2018-06-25 22:40:27 2032 [Note] InnoDB: 5.6.13 started; log sequence number 2801754
2018-06-25 22:40:27 2032 [Note] Server hostname (bind-address): '*'; port: 3307
2018-06-25 22:40:27 2032 [Note] IPv6 is available.
2018-06-25 22:40:27 2032 [Note]   - '::' resolves to '::';
2018-06-25 22:40:27 2032 [Note] Server socket created on IP: '::'.
2018-06-27 09:48:44 3088 [Note] Plugin 'FEDERATED' is disabled.
2018-06-27 09:48:44 3088 [Note] InnoDB: The InnoDB memory heap is disabled
2018-06-27 09:48:44 3088 [Note] InnoDB: Mutexes and rw_locks use Windows interlocked functions
2018-06-27 09:48:44 3088 [Note] InnoDB: Compressed tables use zlib 1.2.3
2018-06-27 09:48:44 3088 [Note] InnoDB: Not using CPU crc32 instructions
2018-06-27 09:48:45 3088 [Note] InnoDB: Initializing buffer pool, size = 128.0M
2018-06-27 09:48:45 3088 [Note] InnoDB: Completed initialization of buffer pool
2018-06-27 09:48:45 3088 [Note] InnoDB: Highest supported file format is Barracuda.
2018-06-27 09:48:45 3088 [Note] InnoDB: The log sequence numbers 2802285 and 2802285 in ibdata files do not match the log sequence number 2828461 in the ib_logfiles!
2018-06-27 09:48:45 3088 [Note] InnoDB: Database was not shutdown normally!
2018-06-27 09:48:45 3088 [Note] InnoDB: Starting crash recovery.
2018-06-27 09:48:45 3088 [Note] InnoDB: Reading tablespace information from the .ibd files...
2018-06-27 09:48:45 3088 [Note] InnoDB: Restoring possible half-written data pages 
2018-06-27 09:48:45 3088 [Note] InnoDB: from the doublewrite buffer...
2018-06-27 09:48:47 3088 [Note] InnoDB: 128 rollback segment(s) are active.
2018-06-27 09:48:47 3088 [Note] InnoDB: Waiting for purge to start
2018-06-27 09:48:47 3088 [Note] InnoDB: 5.6.13 started; log sequence number 2828461
2018-06-27 09:48:47 3088 [Note] Server hostname (bind-address): '*'; port: 3307
2018-06-27 09:48:47 3088 [Note] IPv6 is available.
2018-06-27 09:48:47 3088 [Note]   - '::' resolves to '::';
2018-06-27 09:48:47 3088 [Note] Server socket created on IP: '::'.
2018-06-27 09:48:48 3088 [Note] Event Scheduler: Loaded 0 events
2018-06-27 09:48:48 3088 [Note] E:\Banco de dados - appinventor\app_php/mysql/bin/mysqld_usbwv8.exe: ready for connections.
Version: '5.6.13'  socket: ''  port: 3307  MySQL Community Server (GPL)
2018-07-12 19:09:41 3420 [Note] Plugin 'FEDERATED' is disabled.
2018-07-12 19:09:41 3420 [Note] InnoDB: The InnoDB memory heap is disabled
2018-07-12 19:09:41 3420 [Note] InnoDB: Mutexes and rw_locks use Windows interlocked functions
2018-07-12 19:09:41 3420 [Note] InnoDB: Compressed tables use zlib 1.2.3
2018-07-12 19:09:41 3420 [Note] InnoDB: Not using CPU crc32 instructions
2018-07-12 19:09:41 3420 [Note] InnoDB: Initializing buffer pool, size = 128.0M
2018-07-12 19:09:41 3420 [Note] InnoDB: Completed initialization of buffer pool
2018-07-12 19:09:41 3420 [Note] InnoDB: Highest supported file format is Barracuda.
2018-07-12 19:09:41 3420 [Note] InnoDB: The log sequence numbers 2802285 and 2802285 in ibdata files do not match the log sequence number 2850752 in the ib_logfiles!
2018-07-12 19:09:41 3420 [Note] InnoDB: Database was not shutdown normally!
2018-07-12 19:09:41 3420 [Note] InnoDB: Starting crash recovery.
2018-07-12 19:09:41 3420 [Note] InnoDB: Reading tablespace information from the .ibd files...
2018-07-12 19:09:42 3420 [Note] InnoDB: Restoring possible half-written data pages 
2018-07-12 19:09:42 3420 [Note] InnoDB: from the doublewrite buffer...
2018-07-12 19:09:43 3420 [Note] InnoDB: 128 rollback segment(s) are active.
2018-07-12 19:09:43 3420 [Note] InnoDB: Waiting for purge to start
2018-07-12 19:09:43 3420 [Note] InnoDB: 5.6.13 started; log sequence number 2850752
2018-07-12 19:09:43 3420 [Note] Server hostname (bind-address): '*'; port: 3307
2018-07-12 19:09:43 3420 [Note] IPv6 is available.
2018-07-12 19:09:43 3420 [Note]   - '::' resolves to '::';
2018-07-12 19:09:43 3420 [Note] Server socket created on IP: '::'.
2018-07-12 19:09:45 3420 [Note] Event Scheduler: Loaded 0 events
2018-07-12 19:09:45 3420 [Note] E:\Banco de dados - appinventor\app_php/mysql/bin/mysqld_usbwv8.exe: ready for connections.
Version: '5.6.13'  socket: ''  port: 3307  MySQL Community Server (GPL)
